<?xml version="1.0" encoding="UTF-8"?>
<!-- Generated by org.testng.reporters.JUnitReportReporter -->
<testsuite skipped="0" hostname="Mike-PC" name="MagentoLaunchTest" tests="1" failures="0" timestamp="03 Feb 2019 06:20:13 GMT" time="46.628" errors="0">
  <testcase name="test" time="46.628" classname="MagentoLaunchTest"/>
</testsuite> <!-- MagentoLaunchTest -->
